<?xml version="1.0" encoding="UTF-8"?>
<testng-results ignored="0" total="1" passed="1" failed="0" skipped="0">
  <reporter-output>
  </reporter-output>
  <suite started-at="2022-10-13T10:53:10 PDT" name="Default suite" finished-at="2022-10-13T10:53:17 PDT" duration-ms="6947">
    <groups>
    </groups>
    <test started-at="2022-10-13T10:53:10 PDT" name="Default test" finished-at="2022-10-13T10:53:17 PDT" duration-ms="6947">
      <class name="restAssuredTest.Test001_GetRequest">
        <test-method signature="getWeatherDetails()[pri:0, instance:restAssuredTest.Test001_GetRequest@64cd705f]" started-at="2022-10-13T10:53:10 PDT" name="getWeatherDetails" finished-at="2022-10-13T10:53:17 PDT" duration-ms="6867" status="PASS">
          <reporter-output>
          </reporter-output>
        </test-method> <!-- getWeatherDetails -->
      </class> <!-- restAssuredTest.Test001_GetRequest -->
    </test> <!-- Default test -->
  </suite> <!-- Default suite -->
</testng-results>
